<?xml version="1.0" encoding="UTF-8"?>
<testng-results ignored="0" total="1" passed="1" failed="0" skipped="0">
  <reporter-output>
    <line>
      <![CDATA[Setting up reports and Test is getting ready]]>
    </line>
    <line>
      <![CDATA[Setting Done- Test can be started]]>
    </line>
    <line>
      <![CDATA[Trying to start Browser and Getting Application ready]]>
    </line>
    <line>
      <![CDATA[Browser and Application is up and running]]>
    </line>
    <line>
      <![CDATA[Test is about to End]]>
    </line>
    <line>
      <![CDATA[Test completed >> Reports Generated]]>
    </line>
  </reporter-output>
  <suite started-at="2025-04-24T14:48:01 CEST" name="All Test Suite" finished-at="2025-04-24T14:48:11 CEST" duration-ms="9775">
    <groups>
    </groups>
    <test started-at="2025-04-24T14:48:01 CEST" name="Test" finished-at="2025-04-24T14:48:11 CEST" duration-ms="9775">
      <class name="learnautomation.testcases.LoginTestRahulShetty">
        <test-method is-config="true" signature="setUpSuite()[pri:0, instance:learnautomation.testcases.LoginTestRahulShetty@1677d1]" started-at="2025-04-24T14:48:01 CEST" name="setUpSuite" finished-at="2025-04-24T14:48:01 CEST" duration-ms="625" status="PASS">
          <reporter-output>
            <line>
              <![CDATA[Setting up reports and Test is getting ready]]>
            </line>
            <line>
              <![CDATA[Setting Done- Test can be started]]>
            </line>
          </reporter-output>
        </test-method> <!-- setUpSuite -->
        <test-method is-config="true" signature="setup(java.lang.String,java.lang.String)[pri:0, instance:learnautomation.testcases.LoginTestRahulShetty@1677d1]" started-at="2025-04-24T14:48:01 CEST" name="setup" finished-at="2025-04-24T14:48:04 CEST" duration-ms="2331" status="PASS">
          <params>
            <param index="0">
              <value>
                <![CDATA[Chrome]]>
              </value>
            </param>
            <param index="1">
              <value>
                <![CDATA[https://sso.teachable.com/secure/9521/identity/login/password?force=true]]>
              </value>
            </param>
          </params>
          <reporter-output>
            <line>
              <![CDATA[Trying to start Browser and Getting Application ready]]>
            </line>
            <line>
              <![CDATA[Browser and Application is up and running]]>
            </line>
          </reporter-output>
        </test-method> <!-- setup -->
        <test-method signature="loginApp()[pri:1, instance:learnautomation.testcases.LoginTestRahulShetty@1677d1]" started-at="2025-04-24T14:48:04 CEST" name="loginApp" finished-at="2025-04-24T14:48:06 CEST" duration-ms="2514" status="PASS">
          <reporter-output>
          </reporter-output>
        </test-method> <!-- loginApp -->
        <test-method is-config="true" signature="tearDownMethod(org.testng.ITestResult)[pri:0, instance:learnautomation.testcases.LoginTestRahulShetty@1677d1]" started-at="2025-04-24T14:48:06 CEST" name="tearDownMethod" finished-at="2025-04-24T14:48:11 CEST" duration-ms="4520" status="PASS">
          <params>
            <param index="0">
              <value>
                <![CDATA[[TestResult name=loginApp status=SUCCESS method=LoginTestRahulShetty.loginApp()[pri:1, instance:learnautomation.testcases.LoginTestRahulShetty@1677d1] output={null}]]]>
              </value>
            </param>
          </params>
          <reporter-output>
            <line>
              <![CDATA[Test is about to End]]>
            </line>
            <line>
              <![CDATA[Test completed >> Reports Generated]]>
            </line>
          </reporter-output>
        </test-method> <!-- tearDownMethod -->
        <test-method is-config="true" signature="tearDown()[pri:0, instance:learnautomation.testcases.LoginTestRahulShetty@1677d1]" started-at="2025-04-24T14:48:11 CEST" name="tearDown" finished-at="2025-04-24T14:48:11 CEST" duration-ms="379" status="PASS">
          <reporter-output>
          </reporter-output>
        </test-method> <!-- tearDown -->
      </class> <!-- learnautomation.testcases.LoginTestRahulShetty -->
    </test> <!-- Test -->
  </suite> <!-- All Test Suite -->
</testng-results>
